<?xml version="1.0" encoding="UTF-8"?>
<testsuite name="vn.svframe.svframeitems.ModelRuntimeTest" tests="4" skipped="0" failures="0" errors="0" timestamp="2026-08-27T09:31:39" hostname="runnervm76f27" time="0.029">
  <properties/>
  <testcase name="deterministicStatRollAndLevelScaling()" classname="vn.svframe.svframeitems.ModelRuntimeTest" time="0.015"/>
  <testcase name="effectiveStatsScaleBaseAndEmbeddedGemIndependently()" classname="vn.svframe.svframeitems.ModelRuntimeTest" time="0.008"/>
  <testcase name="socketColorMatchingIsStrictExceptAny()" classname="vn.svframe.svframeitems.ModelRuntimeTest" time="0.001"/>
  <testcase name="upgradeChanceUsesExplicitLevelsThenDecay()" classname="vn.svframe.svframeitems.ModelRuntimeTest" time="0.002"/>
  <system-out><![CDATA[]]></system-out>
  <system-err><![CDATA[]]></system-err>
</testsuite>
